<?xml version="1.0" encoding="UTF-8"?>
<robot generator="Robot 5.0.1 (Python 3.10.4 on win32)" generated="20220517 22:15:05.339" rpa="false" schemaversion="3">
<suite id="s1" name="Hello" source="c:\Automacao\automacaoapp\hello.robot">
<test id="s1-t1" name="Deve retornar mensagem" line="5">
<kw name="Hello Robot" library="hello">
<var>${resultado}</var>
<msg timestamp="20220517 22:15:05.378" level="INFO">${resultado} = ola</msg>
<status status="PASS" starttime="20220517 22:15:05.378" endtime="20220517 22:15:05.378"/>
</kw>
<kw name="Log To Console" library="BuiltIn">
<arg>${resultado}</arg>
<doc>Logs the given message to the console.</doc>
<status status="PASS" starttime="20220517 22:15:05.379" endtime="20220517 22:15:05.381"/>
</kw>
<status status="PASS" starttime="20220517 22:15:05.377" endtime="20220517 22:15:05.382"/>
</test>
<status status="PASS" starttime="20220517 22:15:05.341" endtime="20220517 22:15:05.384"/>
</suite>
<statistics>
<total>
<stat pass="1" fail="0" skip="0">All Tests</stat>
</total>
<tag>
</tag>
<suite>
<stat pass="1" fail="0" skip="0" id="s1" name="Hello">Hello</stat>
</suite>
</statistics>
<errors>
</errors>
</robot>
