<?xml version="1.0" encoding="UTF-8"?>
<robot generator="Robot 5.0.1 (Python 3.10.4 on win32)" generated="20220520 13:05:14.996" rpa="false" schemaversion="3">
<suite id="s1" name="Cadastrocliente" source="c:\Automacao\automacaoapp\tests\cadastrocliente.robot">
<test id="s1-t1" name="Cadastrar um novo cliente" line="21">
<kw name="Open Session" library="base" type="SETUP">
<kw name="Open Application" library="AppiumLibrary">
<arg>http://localhost:4723/wd/hub</arg>
<arg>automationName=UiAutomator2</arg>
<arg>platformName=Android</arg>
<arg>deviceName=Simulador</arg>
<arg>app=${EXECDIR}/app/cliente.apk</arg>
<arg>appActivity=br.com.mobile.armazempb.ui.splash.SplashScreenActivity</arg>
<doc>Opens a new application to given Appium server.
Capabilities of appium server, Android and iOS,
Please check https://github.com/appium/appium/blob/master/docs/en/writing-running-appium/server-args.md
| *Option*            | *Man.* | *Description*     |
| remote_url          | Yes    | Appium server url |
| alias               | no     | alias             |</doc>
<status status="PASS" starttime="20220520 13:05:15.231" endtime="20220520 13:05:32.886"/>
</kw>
<status status="PASS" starttime="20220520 13:05:15.230" endtime="20220520 13:05:32.889"/>
</kw>
<kw name="Wait Until Element Is Visible" library="AppiumLibrary">
<arg>${NAV_LOGIN}</arg>
<arg>10</arg>
<doc>Waits until element specified with `locator` is visible.</doc>
<status status="PASS" starttime="20220520 13:05:32.893" endtime="20220520 13:05:37.711"/>
</kw>
<kw name="Click Element" library="AppiumLibrary">
<arg>${NAV_LOGIN}</arg>
<doc>Click element identified by `locator`.</doc>
<msg timestamp="20220520 13:05:37.718" level="INFO">Clicking element 'xpath=//hierarchy/android.widget.FrameLayout/android.widget.LinearLayout/android.widget.FrameLayout/android.widget.LinearLayout/android.widget.FrameLayout/androidx.drawerlayout.widget.DrawerLayout/android.view.ViewGroup/android.widget.LinearLayout[1]/android.view.ViewGroup/android.widget.ImageButton'.</msg>
<status status="PASS" starttime="20220520 13:05:37.712" endtime="20220520 13:05:37.899"/>
</kw>
<kw name="Wait Until Element Is Visible" library="AppiumLibrary">
<arg>id=br.com.mobile.armazempb:id/text_signin_signup</arg>
<arg>10</arg>
<doc>Waits until element specified with `locator` is visible.</doc>
<status status="PASS" starttime="20220520 13:05:37.900" endtime="20220520 13:05:38.916"/>
</kw>
<kw name="Click Element" library="AppiumLibrary">
<arg>id=br.com.mobile.armazempb:id/text_signin_signup</arg>
<doc>Click element identified by `locator`.</doc>
<msg timestamp="20220520 13:05:38.922" level="INFO">Clicking element 'id=br.com.mobile.armazempb:id/text_signin_signup'.</msg>
<status status="PASS" starttime="20220520 13:05:38.917" endtime="20220520 13:05:39.020"/>
</kw>
<kw name="Wait Until Element Is Visible" library="AppiumLibrary">
<arg>${BNT_CADASTRO}</arg>
<arg>10</arg>
<doc>Waits until element specified with `locator` is visible.</doc>
<status status="PASS" starttime="20220520 13:05:39.021" endtime="20220520 13:05:40.018"/>
</kw>
<kw name="Click Element" library="AppiumLibrary">
<arg>${BNT_CADASTRO}</arg>
<doc>Click element identified by `locator`.</doc>
<msg timestamp="20220520 13:05:40.021" level="INFO">Clicking element 'id=br.com.mobile.armazempb:id/btn_goto'.</msg>
<status status="PASS" starttime="20220520 13:05:40.019" endtime="20220520 13:05:40.068"/>
</kw>
<kw name="Wait Until Page Contains Element" library="AppiumLibrary">
<arg>${NOME}</arg>
<arg>150</arg>
<doc>Waits until element specified with `locator` appears on current page.</doc>
<status status="PASS" starttime="20220520 13:05:40.068" endtime="20220520 13:05:40.931"/>
</kw>
<kw name="Input Text" library="AppiumLibrary">
<arg>${NOME}</arg>
<arg>Teste</arg>
<doc>Types the given `text` into text field identified by `locator`.</doc>
<msg timestamp="20220520 13:05:40.936" level="INFO">Typing text 'Teste' into text field 'id=br.com.mobile.armazempb:id/edit_text_firstname'</msg>
<status status="PASS" starttime="20220520 13:05:40.932" endtime="20220520 13:05:41.650"/>
</kw>
<kw name="Wait Until Page Contains Element" library="AppiumLibrary">
<arg>${SOBRENOME}</arg>
<arg>150</arg>
<doc>Waits until element specified with `locator` appears on current page.</doc>
<status status="PASS" starttime="20220520 13:05:41.652" endtime="20220520 13:05:42.188"/>
</kw>
<kw name="Input Text" library="AppiumLibrary">
<arg>${SOBRENOME}</arg>
<arg>Teste</arg>
<doc>Types the given `text` into text field identified by `locator`.</doc>
<msg timestamp="20220520 13:05:42.195" level="INFO">Typing text 'Teste' into text field 'id=br.com.mobile.armazempb:id/edit_text_lastname'</msg>
<status status="PASS" starttime="20220520 13:05:42.189" endtime="20220520 13:05:42.901"/>
</kw>
<kw name="Wait Until Page Contains Element" library="AppiumLibrary">
<arg>${CPF}</arg>
<arg>150</arg>
<doc>Waits until element specified with `locator` appears on current page.</doc>
<status status="PASS" starttime="20220520 13:05:42.901" endtime="20220520 13:05:43.418"/>
</kw>
<kw name="Input Text" library="AppiumLibrary">
<arg>${CPF}</arg>
<arg>00868082066</arg>
<doc>Types the given `text` into text field identified by `locator`.</doc>
<msg timestamp="20220520 13:05:43.422" level="INFO">Typing text '00868082066' into text field 'id=br.com.mobile.armazempb:id/edit_text_cpf'</msg>
<status status="PASS" starttime="20220520 13:05:43.419" endtime="20220520 13:05:44.085"/>
</kw>
<kw name="Input Text" library="AppiumLibrary">
<arg>${DATA_NASCIMENTO}</arg>
<arg>12031996</arg>
<doc>Types the given `text` into text field identified by `locator`.</doc>
<msg timestamp="20220520 13:05:44.090" level="INFO">Typing text '12031996' into text field 'id=br.com.mobile.armazempb:id/edit_text_birthday'</msg>
<status status="PASS" starttime="20220520 13:05:44.086" endtime="20220520 13:05:45.349"/>
</kw>
<kw name="Input Text" library="AppiumLibrary">
<arg>${TELEFONE}</arg>
<arg>83987422424</arg>
<doc>Types the given `text` into text field identified by `locator`.</doc>
<msg timestamp="20220520 13:05:45.353" level="INFO">Typing text '83987422424' into text field 'id=br.com.mobile.armazempb:id/edit_text_phone'</msg>
<status status="PASS" starttime="20220520 13:05:45.350" endtime="20220520 13:05:46.604"/>
</kw>
<kw name="Input Text" library="AppiumLibrary">
<arg>${EMAIL}</arg>
<arg>remaf4423@dufeed.com</arg>
<doc>Types the given `text` into text field identified by `locator`.</doc>
<msg timestamp="20220520 13:05:46.608" level="INFO">Typing text 'remaf4423@dufeed.com' into text field 'id=br.com.mobile.armazempb:id/edit_text_email'</msg>
<status status="PASS" starttime="20220520 13:05:46.605" endtime="20220520 13:05:47.763"/>
</kw>
<kw name="Swipe" library="AppiumLibrary">
<arg>876</arg>
<arg>1117</arg>
<arg>814</arg>
<arg>300</arg>
<doc>Swipe from one point to another point, for an optional duration.</doc>
<status status="PASS" starttime="20220520 13:05:47.765" endtime="20220520 13:05:49.088"/>
</kw>
<kw name="Wait Until Page Contains Element" library="AppiumLibrary">
<arg>${SENHA_CADASTRO}</arg>
<arg>100</arg>
<doc>Waits until element specified with `locator` appears on current page.</doc>
<status status="PASS" starttime="20220520 13:05:49.089" endtime="20220520 13:05:49.143"/>
</kw>
<kw name="Input Text" library="AppiumLibrary">
<arg>${SENHA_CADASTRO}</arg>
<arg>Larissa1203</arg>
<doc>Types the given `text` into text field identified by `locator`.</doc>
<msg timestamp="20220520 13:05:49.146" level="INFO">Typing text 'Larissa1203' into text field 'id=br.com.mobile.armazempb:id/edit_text_password'</msg>
<status status="PASS" starttime="20220520 13:05:49.143" endtime="20220520 13:05:49.234"/>
</kw>
<kw name="Input Text" library="AppiumLibrary">
<arg>${SENHA_CONFIRMACAO}</arg>
<arg>Larissa1203</arg>
<doc>Types the given `text` into text field identified by `locator`.</doc>
<msg timestamp="20220520 13:05:49.237" level="INFO">Typing text 'Larissa1203' into text field 'id=br.com.mobile.armazempb:id/edit_text_password_confirm'</msg>
<status status="PASS" starttime="20220520 13:05:49.235" endtime="20220520 13:05:49.812"/>
</kw>
<kw name="Click Element" library="AppiumLibrary">
<arg>${POLITICA_PRIVACIDADE}</arg>
<doc>Click element identified by `locator`.</doc>
<msg timestamp="20220520 13:05:49.814" level="INFO">Clicking element 'id=br.com.mobile.armazempb:id/switch_lgpd'.</msg>
<status status="PASS" starttime="20220520 13:05:49.812" endtime="20220520 13:05:50.361"/>
</kw>
<kw name="Click Element" library="AppiumLibrary">
<arg>${SALVAR_CADASTRO}</arg>
<doc>Click element identified by `locator`.</doc>
<msg timestamp="20220520 13:05:50.368" level="INFO">Clicking element 'id=br.com.mobile.armazempb:id/btn_save_datas'.</msg>
<status status="PASS" starttime="20220520 13:05:50.363" endtime="20220520 13:05:50.892"/>
</kw>
<kw name="Wait Until Page Contains Element" library="AppiumLibrary">
<arg>${USUARIO}</arg>
<arg>100</arg>
<doc>Waits until element specified with `locator` appears on current page.</doc>
<status status="PASS" starttime="20220520 13:05:50.893" endtime="20220520 13:05:52.066"/>
</kw>
<kw name="Input Text" library="AppiumLibrary">
<arg>${USUARIO}</arg>
<arg>remaf4423@dufeed.com</arg>
<doc>Types the given `text` into text field identified by `locator`.</doc>
<msg timestamp="20220520 13:05:52.072" level="INFO">Typing text 'remaf4423@dufeed.com' into text field 'id=br.com.mobile.armazempb:id/user_cadastro'</msg>
<status status="PASS" starttime="20220520 13:05:52.067" endtime="20220520 13:05:53.134"/>
</kw>
<kw name="Wait Until Page Contains Element" library="AppiumLibrary">
<arg>${SENHA}</arg>
<doc>Waits until element specified with `locator` appears on current page.</doc>
<status status="PASS" starttime="20220520 13:05:53.134" endtime="20220520 13:05:53.655"/>
</kw>
<kw name="Input Text" library="AppiumLibrary">
<arg>${SENHA}</arg>
<arg>Larissa1203</arg>
<doc>Types the given `text` into text field identified by `locator`.</doc>
<msg timestamp="20220520 13:05:53.660" level="INFO">Typing text 'Larissa1203' into text field 'id=br.com.mobile.armazempb:id/password_cadastro'</msg>
<status status="PASS" starttime="20220520 13:05:53.657" endtime="20220520 13:05:53.730"/>
</kw>
<kw name="Wait Until Page Contains Element" library="AppiumLibrary">
<arg>${ENTRAR}</arg>
<doc>Waits until element specified with `locator` appears on current page.</doc>
<status status="PASS" starttime="20220520 13:05:53.731" endtime="20220520 13:05:54.245"/>
</kw>
<kw name="Click Element" library="AppiumLibrary">
<arg>${ENTRAR}</arg>
<doc>Click element identified by `locator`.</doc>
<msg timestamp="20220520 13:05:54.250" level="INFO">Clicking element 'id=br.com.mobile.armazempb:id/btn_login'.</msg>
<status status="PASS" starttime="20220520 13:05:54.247" endtime="20220520 13:05:54.303"/>
</kw>
<kw name="Close Session" library="base" type="TEARDOWN">
<kw name="Close Application" library="AppiumLibrary">
<doc>Closes the current application and also close webdriver session.</doc>
<status status="PASS" starttime="20220520 13:05:54.306" endtime="20220520 13:05:55.412"/>
</kw>
<status status="PASS" starttime="20220520 13:05:54.305" endtime="20220520 13:05:55.413"/>
</kw>
<status status="PASS" starttime="20220520 13:05:15.230" endtime="20220520 13:05:55.413"/>
</test>
<status status="PASS" starttime="20220520 13:05:14.999" endtime="20220520 13:05:55.425"/>
</suite>
<statistics>
<total>
<stat pass="1" fail="0" skip="0">All Tests</stat>
</total>
<tag>
</tag>
<suite>
<stat pass="1" fail="0" skip="0" id="s1" name="Cadastrocliente">Cadastrocliente</stat>
</suite>
</statistics>
<errors>
</errors>
</robot>
